<?xml version="1.0" encoding="UTF-8"?>
<testng-results skipped="0" failed="2" ignored="0" total="2" passed="0">
  <reporter-output>
  </reporter-output>
  <suite name="Default suite" duration-ms="49638" started-at="2019-10-04T16:28:28 ICT" finished-at="2019-10-04T16:29:18 ICT">
    <groups>
    </groups>
    <test name="Default test" duration-ms="49638" started-at="2019-10-04T16:28:28 ICT" finished-at="2019-10-04T16:29:18 ICT">
      <class name="editEffect.editRecordingSimpleEffect">
        <test-method status="PASS" signature="beforeTest()[pri:0, instance:editEffect.editRecordingSimpleEffect@4d1b0d2a]" name="beforeTest" is-config="true" duration-ms="31929" started-at="2019-10-04T16:28:28 ICT" finished-at="2019-10-04T16:29:00 ICT">
          <reporter-output>
          </reporter-output>
        </test-method> <!-- beforeTest -->
        <test-method status="FAIL" signature="chooseSimpleEffect()[pri:1, instance:editEffect.editRecordingSimpleEffect@4d1b0d2a]" name="chooseSimpleEffect" duration-ms="13152" started-at="2019-10-04T16:29:00 ICT" finished-at="2019-10-04T16:29:13 ICT">
          <exception class="org.openqa.selenium.NoSuchElementException">
            <message>
              <![CDATA[An element could not be located on the page using the given search parameters.
For documentation on this error, please visit: https://www.seleniumhq.org/exceptions/no_such_element.html
Build info: version: '3.141.59', revision: 'e82be7d358', time: '2018-11-14T08:25:53'
System info: host: 'DESKTOP-P48RHB2', ip: '192.168.103.2', os.name: 'Windows 10', os.arch: 'amd64', os.version: '10.0', java.version: '1.8.0_211'
Driver info: io.appium.java_client.android.AndroidDriver
Capabilities {app: C:\Users\PA\Downloads\Voice..., appActivity: com.supereffect.voicechange..., appPackage: com.supereffect.voicechanger, appWaitActivity: com.supereffect.voicechange..., appWaitPackage: com.supereffect.voicechanger, automatioName: UiAutomator2, databaseEnabled: false, desired: {app: C:\Users\PA\Downloads\Voice..., automatioName: UiAutomator2, deviceName: Nemo, platformName: android, platformVersion: 5.0.2, udid: fe0ecacb}, deviceManufacturer: samsung, deviceModel: SM-A300H, deviceName: fe0ecacb, deviceScreenSize: 540x960, deviceUDID: fe0ecacb, javascriptEnabled: true, locationContextEnabled: false, networkConnectionEnabled: true, platform: LINUX, platformName: Android, platformVersion: 5.0.2, takesScreenshot: true, udid: fe0ecacb, warnings: {}, webStorageEnabled: false}
Session ID: c2e25455-1fac-4dd2-8a97-9fac35476bd6
*** Element info: {Using=id, value=com.supereffect.voicechanger:id/title}]]>
            </message>
            <full-stacktrace>
              <![CDATA[org.openqa.selenium.NoSuchElementException: An element could not be located on the page using the given search parameters.
For documentation on this error, please visit: https://www.seleniumhq.org/exceptions/no_such_element.html
Build info: version: '3.141.59', revision: 'e82be7d358', time: '2018-11-14T08:25:53'
System info: host: 'DESKTOP-P48RHB2', ip: '192.168.103.2', os.name: 'Windows 10', os.arch: 'amd64', os.version: '10.0', java.version: '1.8.0_211'
Driver info: io.appium.java_client.android.AndroidDriver
Capabilities {app: C:\Users\PA\Downloads\Voice..., appActivity: com.supereffect.voicechange..., appPackage: com.supereffect.voicechanger, appWaitActivity: com.supereffect.voicechange..., appWaitPackage: com.supereffect.voicechanger, automatioName: UiAutomator2, databaseEnabled: false, desired: {app: C:\Users\PA\Downloads\Voice..., automatioName: UiAutomator2, deviceName: Nemo, platformName: android, platformVersion: 5.0.2, udid: fe0ecacb}, deviceManufacturer: samsung, deviceModel: SM-A300H, deviceName: fe0ecacb, deviceScreenSize: 540x960, deviceUDID: fe0ecacb, javascriptEnabled: true, locationContextEnabled: false, networkConnectionEnabled: true, platform: LINUX, platformName: Android, platformVersion: 5.0.2, takesScreenshot: true, udid: fe0ecacb, warnings: {}, webStorageEnabled: false}
Session ID: c2e25455-1fac-4dd2-8a97-9fac35476bd6
*** Element info: {Using=id, value=com.supereffect.voicechanger:id/title}
at sun.reflect.NativeConstructorAccessorImpl.newInstance0(Native Method)
at sun.reflect.NativeConstructorAccessorImpl.newInstance(Unknown Source)
at sun.reflect.DelegatingConstructorAccessorImpl.newInstance(Unknown Source)
at java.lang.reflect.Constructor.newInstance(Unknown Source)
at org.openqa.selenium.remote.http.W3CHttpResponseCodec.createException(W3CHttpResponseCodec.java:187)
at org.openqa.selenium.remote.http.W3CHttpResponseCodec.decode(W3CHttpResponseCodec.java:122)
at org.openqa.selenium.remote.http.W3CHttpResponseCodec.decode(W3CHttpResponseCodec.java:49)
at org.openqa.selenium.remote.HttpCommandExecutor.execute(HttpCommandExecutor.java:158)
at io.appium.java_client.remote.AppiumCommandExecutor.execute(AppiumCommandExecutor.java:239)
at org.openqa.selenium.remote.RemoteWebDriver.execute(RemoteWebDriver.java:552)
at io.appium.java_client.DefaultGenericMobileDriver.execute(DefaultGenericMobileDriver.java:41)
at io.appium.java_client.AppiumDriver.execute(AppiumDriver.java:1)
at io.appium.java_client.android.AndroidDriver.execute(AndroidDriver.java:1)
at org.openqa.selenium.remote.RemoteWebElement.execute(RemoteWebElement.java:285)
at io.appium.java_client.DefaultGenericMobileElement.execute(DefaultGenericMobileElement.java:45)
at io.appium.java_client.MobileElement.execute(MobileElement.java:1)
at io.appium.java_client.android.AndroidElement.execute(AndroidElement.java:1)
at org.openqa.selenium.remote.RemoteWebElement.findElement(RemoteWebElement.java:185)
at io.appium.java_client.DefaultGenericMobileElement.findElement(DefaultGenericMobileElement.java:65)
at io.appium.java_client.MobileElement.findElement(MobileElement.java:1)
at io.appium.java_client.android.AndroidElement.findElement(AndroidElement.java:1)
at org.openqa.selenium.remote.RemoteWebElement.findElementById(RemoteWebElement.java:221)
at io.appium.java_client.DefaultGenericMobileElement.findElementById(DefaultGenericMobileElement.java:73)
at io.appium.java_client.MobileElement.findElementById(MobileElement.java:1)
at io.appium.java_client.android.AndroidElement.findElementById(AndroidElement.java:1)
at editEffect.editRecordingSimpleEffect.chooseSimpleEffect(editRecordingSimpleEffect.java:88)
at sun.reflect.NativeMethodAccessorImpl.invoke0(Native Method)
at sun.reflect.NativeMethodAccessorImpl.invoke(Unknown Source)
at sun.reflect.DelegatingMethodAccessorImpl.invoke(Unknown Source)
at java.lang.reflect.Method.invoke(Unknown Source)
at org.testng.internal.MethodInvocationHelper.invokeMethod(MethodInvocationHelper.java:133)
at org.testng.internal.TestInvoker.invokeMethod(TestInvoker.java:584)
at org.testng.internal.TestInvoker.invokeTestMethod(TestInvoker.java:172)
at org.testng.internal.MethodRunner.runInSequence(MethodRunner.java:46)
at org.testng.internal.TestInvoker$MethodInvocationAgent.invoke(TestInvoker.java:804)
at org.testng.internal.TestInvoker.invokeTestMethods(TestInvoker.java:145)
at org.testng.internal.TestMethodWorker.invokeTestMethods(TestMethodWorker.java:146)
at org.testng.internal.TestMethodWorker.run(TestMethodWorker.java:128)
at java.util.ArrayList.forEach(Unknown Source)
at org.testng.TestRunner.privateRun(TestRunner.java:770)
at org.testng.TestRunner.run(TestRunner.java:591)
at org.testng.SuiteRunner.runTest(SuiteRunner.java:402)
at org.testng.SuiteRunner.runSequentially(SuiteRunner.java:396)
at org.testng.SuiteRunner.privateRun(SuiteRunner.java:355)
at org.testng.SuiteRunner.run(SuiteRunner.java:304)
at org.testng.SuiteRunnerWorker.runSuite(SuiteRunnerWorker.java:53)
at org.testng.SuiteRunnerWorker.run(SuiteRunnerWorker.java:96)
at org.testng.TestNG.runSuitesSequentially(TestNG.java:1180)
at org.testng.TestNG.runSuitesLocally(TestNG.java:1102)
at org.testng.TestNG.runSuites(TestNG.java:1032)
at org.testng.TestNG.run(TestNG.java:1000)
at org.testng.remote.AbstractRemoteTestNG.run(AbstractRemoteTestNG.java:115)
at org.testng.remote.RemoteTestNG.initAndRun(RemoteTestNG.java:251)
at org.testng.remote.RemoteTestNG.main(RemoteTestNG.java:77)
]]>
            </full-stacktrace>
          </exception> <!-- org.openqa.selenium.NoSuchElementException -->
          <reporter-output>
          </reporter-output>
        </test-method> <!-- chooseSimpleEffect -->
        <test-method status="FAIL" signature="checkEOEffectedChanged()[pri:2, instance:editEffect.editRecordingSimpleEffect@4d1b0d2a]" name="checkEOEffectedChanged" duration-ms="4476" started-at="2019-10-04T16:29:13 ICT" finished-at="2019-10-04T16:29:18 ICT">
          <exception class="java.lang.AssertionError">
            <message>
              <![CDATA[expected [ddddd_Giant] but found [ddddd_Devil]]]>
            </message>
            <full-stacktrace>
              <![CDATA[java.lang.AssertionError: expected [ddddd_Giant] but found [ddddd_Devil]
at org.testng.Assert.fail(Assert.java:97)
at org.testng.Assert.assertEqualsImpl(Assert.java:136)
at org.testng.Assert.assertEquals(Assert.java:118)
at org.testng.Assert.assertEquals(Assert.java:575)
at org.testng.Assert.assertEquals(Assert.java:585)
at editEffect.editRecordingSimpleEffect.checkEOEffectedChanged(editRecordingSimpleEffect.java:147)
at sun.reflect.NativeMethodAccessorImpl.invoke0(Native Method)
at sun.reflect.NativeMethodAccessorImpl.invoke(Unknown Source)
at sun.reflect.DelegatingMethodAccessorImpl.invoke(Unknown Source)
at java.lang.reflect.Method.invoke(Unknown Source)
at org.testng.internal.MethodInvocationHelper.invokeMethod(MethodInvocationHelper.java:133)
at org.testng.internal.TestInvoker.invokeMethod(TestInvoker.java:584)
at org.testng.internal.TestInvoker.invokeTestMethod(TestInvoker.java:172)
at org.testng.internal.MethodRunner.runInSequence(MethodRunner.java:46)
at org.testng.internal.TestInvoker$MethodInvocationAgent.invoke(TestInvoker.java:804)
at org.testng.internal.TestInvoker.invokeTestMethods(TestInvoker.java:145)
at org.testng.internal.TestMethodWorker.invokeTestMethods(TestMethodWorker.java:146)
at org.testng.internal.TestMethodWorker.run(TestMethodWorker.java:128)
at java.util.ArrayList.forEach(Unknown Source)
at org.testng.TestRunner.privateRun(TestRunner.java:770)
at org.testng.TestRunner.run(TestRunner.java:591)
at org.testng.SuiteRunner.runTest(SuiteRunner.java:402)
at org.testng.SuiteRunner.runSequentially(SuiteRunner.java:396)
at org.testng.SuiteRunner.privateRun(SuiteRunner.java:355)
at org.testng.SuiteRunner.run(SuiteRunner.java:304)
at org.testng.SuiteRunnerWorker.runSuite(SuiteRunnerWorker.java:53)
at org.testng.SuiteRunnerWorker.run(SuiteRunnerWorker.java:96)
at org.testng.TestNG.runSuitesSequentially(TestNG.java:1180)
at org.testng.TestNG.runSuitesLocally(TestNG.java:1102)
at org.testng.TestNG.runSuites(TestNG.java:1032)
at org.testng.TestNG.run(TestNG.java:1000)
at org.testng.remote.AbstractRemoteTestNG.run(AbstractRemoteTestNG.java:115)
at org.testng.remote.RemoteTestNG.initAndRun(RemoteTestNG.java:251)
at org.testng.remote.RemoteTestNG.main(RemoteTestNG.java:77)
]]>
            </full-stacktrace>
          </exception> <!-- java.lang.AssertionError -->
          <reporter-output>
          </reporter-output>
        </test-method> <!-- checkEOEffectedChanged -->
        <test-method status="PASS" signature="afterTest()[pri:0, instance:editEffect.editRecordingSimpleEffect@4d1b0d2a]" name="afterTest" is-config="true" duration-ms="1" started-at="2019-10-04T16:29:18 ICT" finished-at="2019-10-04T16:29:18 ICT">
          <reporter-output>
          </reporter-output>
        </test-method> <!-- afterTest -->
      </class> <!-- editEffect.editRecordingSimpleEffect -->
    </test> <!-- Default test -->
  </suite> <!-- Default suite -->
</testng-results>
